<?xml version="1.0" encoding="UTF-8"?>
<testng-results ignored="0" total="1" passed="1" failed="0" skipped="0">
  <reporter-output>
  </reporter-output>
  <suite started-at="2022-09-16T21:14:49 IST" name="Default suite" finished-at="2022-09-16T21:15:19 IST" duration-ms="29803">
    <groups>
    </groups>
    <test started-at="2022-09-16T21:14:49 IST" name="Default test" finished-at="2022-09-16T21:15:19 IST" duration-ms="29803">
      <class name="TaskTest.CreateCustomerInTaskTest">
        <test-method is-config="true" signature="bsConfig()[pri:0, instance:TaskTest.CreateCustomerInTaskTest@192d43ce]" started-at="2022-09-16T21:14:49 IST" name="bsConfig" finished-at="2022-09-16T21:14:49 IST" duration-ms="12" status="PASS">
          <reporter-output>
          </reporter-output>
        </test-method> <!-- bsConfig -->
        <test-method is-config="true" signature="bcConfig()[pri:0, instance:TaskTest.CreateCustomerInTaskTest@192d43ce]" started-at="2022-09-16T21:14:49 IST" name="bcConfig" finished-at="2022-09-16T21:15:01 IST" duration-ms="11964" status="PASS">
          <reporter-output>
          </reporter-output>
        </test-method> <!-- bcConfig -->
        <test-method is-config="true" signature="bmConfig()[pri:0, instance:TaskTest.CreateCustomerInTaskTest@192d43ce]" started-at="2022-09-16T21:15:01 IST" name="bmConfig" finished-at="2022-09-16T21:15:02 IST" duration-ms="1117" status="PASS">
          <reporter-output>
          </reporter-output>
        </test-method> <!-- bmConfig -->
        <test-method signature="createCustomerTest()[pri:0, instance:TaskTest.CreateCustomerInTaskTest@192d43ce]" started-at="2022-09-16T21:15:02 IST" name="createCustomerTest" finished-at="2022-09-16T21:15:14 IST" duration-ms="12219" status="PASS">
          <reporter-output>
          </reporter-output>
        </test-method> <!-- createCustomerTest -->
        <test-method is-config="true" signature="amConfig()[pri:0, instance:TaskTest.CreateCustomerInTaskTest@192d43ce]" started-at="2022-09-16T21:15:14 IST" name="amConfig" finished-at="2022-09-16T21:15:19 IST" duration-ms="4141" status="PASS">
          <reporter-output>
          </reporter-output>
        </test-method> <!-- amConfig -->
        <test-method is-config="true" signature="acConfig()[pri:0, instance:TaskTest.CreateCustomerInTaskTest@192d43ce]" started-at="2022-09-16T21:15:19 IST" name="acConfig" finished-at="2022-09-16T21:15:19 IST" duration-ms="308" status="PASS">
          <reporter-output>
          </reporter-output>
        </test-method> <!-- acConfig -->
        <test-method is-config="true" signature="asConfig()[pri:0, instance:TaskTest.CreateCustomerInTaskTest@192d43ce]" started-at="2022-09-16T21:15:19 IST" name="asConfig" finished-at="2022-09-16T21:15:19 IST" duration-ms="0" status="PASS">
          <reporter-output>
          </reporter-output>
        </test-method> <!-- asConfig -->
      </class> <!-- TaskTest.CreateCustomerInTaskTest -->
    </test> <!-- Default test -->
  </suite> <!-- Default suite -->
</testng-results>
