<?xml version="1.0" encoding="UTF-8"?>
<testng-results ignored="0" total="1" passed="1" failed="0" skipped="0">
  <reporter-output>
  </reporter-output>
  <suite started-at="2022-09-20T23:09:55 IST" name="Default suite" finished-at="2022-09-20T23:10:27 IST" duration-ms="32904">
    <groups>
    </groups>
    <test started-at="2022-09-20T23:09:55 IST" name="Default test" finished-at="2022-09-20T23:10:27 IST" duration-ms="32904">
      <class name="TaskTest.CreateCustomerInTaskTest">
        <test-method is-config="true" signature="bsConfig()[pri:0, instance:TaskTest.CreateCustomerInTaskTest@192d43ce]" started-at="2022-09-20T23:09:55 IST" name="bsConfig" finished-at="2022-09-20T23:09:55 IST" duration-ms="13" status="PASS">
          <reporter-output>
          </reporter-output>
        </test-method> <!-- bsConfig -->
        <test-method is-config="true" signature="bcConfig()[pri:0, instance:TaskTest.CreateCustomerInTaskTest@192d43ce]" started-at="2022-09-20T23:09:55 IST" name="bcConfig" finished-at="2022-09-20T23:10:08 IST" duration-ms="13649" status="PASS">
          <reporter-output>
          </reporter-output>
        </test-method> <!-- bcConfig -->
        <test-method is-config="true" signature="bmConfig()[pri:0, instance:TaskTest.CreateCustomerInTaskTest@192d43ce]" started-at="2022-09-20T23:10:08 IST" name="bmConfig" finished-at="2022-09-20T23:10:09 IST" duration-ms="956" status="PASS">
          <reporter-output>
          </reporter-output>
        </test-method> <!-- bmConfig -->
        <test-method signature="createCustomerTest()[pri:0, instance:TaskTest.CreateCustomerInTaskTest@192d43ce]" started-at="2022-09-20T23:10:09 IST" name="createCustomerTest" finished-at="2022-09-20T23:10:22 IST" duration-ms="12946" status="PASS">
          <reporter-output>
          </reporter-output>
        </test-method> <!-- createCustomerTest -->
        <test-method is-config="true" signature="amConfig()[pri:0, instance:TaskTest.CreateCustomerInTaskTest@192d43ce]" started-at="2022-09-20T23:10:22 IST" name="amConfig" finished-at="2022-09-20T23:10:27 IST" duration-ms="4780" status="PASS">
          <reporter-output>
          </reporter-output>
        </test-method> <!-- amConfig -->
        <test-method is-config="true" signature="acConfig()[pri:0, instance:TaskTest.CreateCustomerInTaskTest@192d43ce]" started-at="2022-09-20T23:10:27 IST" name="acConfig" finished-at="2022-09-20T23:10:27 IST" duration-ms="449" status="PASS">
          <reporter-output>
          </reporter-output>
        </test-method> <!-- acConfig -->
        <test-method is-config="true" signature="asConfig()[pri:0, instance:TaskTest.CreateCustomerInTaskTest@192d43ce]" started-at="2022-09-20T23:10:28 IST" name="asConfig" finished-at="2022-09-20T23:10:28 IST" duration-ms="1" status="PASS">
          <reporter-output>
          </reporter-output>
        </test-method> <!-- asConfig -->
      </class> <!-- TaskTest.CreateCustomerInTaskTest -->
    </test> <!-- Default test -->
  </suite> <!-- Default suite -->
</testng-results>
